c:\users\roroh\source\repos\graphics_project_\proj\openglme.2ee1f2c2\debug\vc143.pdb
c:\users\roroh\source\repos\graphics_project_\proj\openglme.2ee1f2c2\debug\vc143.idb
c:\users\roroh\source\repos\graphics_project_\proj\openglme.2ee1f2c2\debug\openglmeshloader.obj
c:\users\roroh\source\repos\graphics_project_\proj\openglme.2ee1f2c2\debug\model_3ds.obj
c:\users\roroh\source\repos\graphics_project_\proj\openglme.2ee1f2c2\debug\level2.obj
c:\users\roroh\source\repos\graphics_project_\proj\openglme.2ee1f2c2\debug\level1.obj
c:\users\roroh\source\repos\graphics_project_\proj\openglme.2ee1f2c2\debug\gltexture.obj
c:\users\roroh\source\repos\graphics_project_\proj\debug\openglmeshloader19.exe
c:\users\roroh\source\repos\graphics_project_\proj\debug\openglmeshloader19.pdb
c:\users\roroh\source\repos\graphics_project_\proj\openglme.2ee1f2c2\debug\openglme.2ee1f2c2.tlog\cl.command.1.tlog
c:\users\roroh\source\repos\graphics_project_\proj\openglme.2ee1f2c2\debug\openglme.2ee1f2c2.tlog\cl.items.tlog
c:\users\roroh\source\repos\graphics_project_\proj\openglme.2ee1f2c2\debug\openglme.2ee1f2c2.tlog\cl.read.1.tlog
c:\users\roroh\source\repos\graphics_project_\proj\openglme.2ee1f2c2\debug\openglme.2ee1f2c2.tlog\cl.write.1.tlog
c:\users\roroh\source\repos\graphics_project_\proj\openglme.2ee1f2c2\debug\openglme.2ee1f2c2.tlog\link-cvtres.read.1.tlog
c:\users\roroh\source\repos\graphics_project_\proj\openglme.2ee1f2c2\debug\openglme.2ee1f2c2.tlog\link-cvtres.write.1.tlog
c:\users\roroh\source\repos\graphics_project_\proj\openglme.2ee1f2c2\debug\openglme.2ee1f2c2.tlog\link-rc.read.1.tlog
c:\users\roroh\source\repos\graphics_project_\proj\openglme.2ee1f2c2\debug\openglme.2ee1f2c2.tlog\link-rc.write.1.tlog
c:\users\roroh\source\repos\graphics_project_\proj\openglme.2ee1f2c2\debug\openglme.2ee1f2c2.tlog\link.command.1.tlog
c:\users\roroh\source\repos\graphics_project_\proj\openglme.2ee1f2c2\debug\openglme.2ee1f2c2.tlog\link.read.1.tlog
c:\users\roroh\source\repos\graphics_project_\proj\openglme.2ee1f2c2\debug\openglme.2ee1f2c2.tlog\link.secondary.1.tlog
c:\users\roroh\source\repos\graphics_project_\proj\openglme.2ee1f2c2\debug\openglme.2ee1f2c2.tlog\link.write.1.tlog
